Flutter crash report.
Please report a bug at https://github.com/flutter/flutter/issues.

## command

flutter run --machine --start-paused -d chrome --target /Users/saggysimmba/Applications/saggydev/flutter_dev/flutter_projects/notes_app/lib/main.dart

## exception

HttpException: HttpException: Connection closed before full header was received, uri = http://localhost:49302/json

```
```

## flutter doctor

```
[✓] Flutter (Channel stable, 3.24.0, on macOS 14.3 23D56 darwin-arm64, locale en-US)
    • Flutter version 3.24.0 on channel stable at /Users/saggysimmba/Applications/saggydev/flutter_dev/flutter
    • Upstream repository https://github.com/flutter/flutter.git
    • Framework revision 80c2e84975 (12 days ago), 2024-07-30 23:06:49 +0700
    • Engine revision b8800d88be
    • Dart version 3.5.0
    • DevTools version 2.37.2

[✓] Android toolchain - develop for Android devices (Android SDK version 35.0.0)
    • Android SDK at /Users/saggysimmba/Library/Android/sdk
    • Platform android-35, build-tools 35.0.0
    • Java binary at: /Applications/Android Studio.app/Contents/jbr/Contents/Home/bin/java
    • Java version OpenJDK Runtime Environment (build 17.0.10+0-17.0.10b1087.21-11609105)
    • All Android licenses accepted.

[✗] Xcode - develop for iOS and macOS
    ✗ Xcode installation is incomplete; a full installation is necessary for iOS and macOS development.
      Download at: https://developer.apple.com/xcode/
      Or install Xcode via the App Store.
      Once installed, run:
        sudo xcode-select --switch /Applications/Xcode.app/Contents/Developer
        sudo xcodebuild -runFirstLaunch
    ✗ CocoaPods not installed.
        CocoaPods is a package manager for iOS or macOS platform code.
        Without CocoaPods, plugins will not work on iOS or macOS.
        For more info, see https://flutter.dev/to/platform-plugins
      For installation instructions, see https://guides.cocoapods.org/using/getting-started.html#installation

[✓] Chrome - develop for the web
    • Chrome at /Applications/Google Chrome.app/Contents/MacOS/Google Chrome

[✓] Android Studio (version 2024.1)
    • Android Studio at /Applications/Android Studio.app/Contents
    • Flutter plugin can be installed from:
      🔨 https://plugins.jetbrains.com/plugin/9212-flutter
    • Dart plugin can be installed from:
      🔨 https://plugins.jetbrains.com/plugin/6351-dart
    • Java version OpenJDK Runtime Environment (build 17.0.10+0-17.0.10b1087.21-11609105)

[✓] VS Code (version 1.92.1)
    • VS Code at /Applications/Visual Studio Code.app/Contents
    • Flutter extension version 3.94.0

[✓] Connected device (2 available)
    • macOS (desktop) • macos  • darwin-arm64   • macOS 14.3 23D56 darwin-arm64
    • Chrome (web)    • chrome • web-javascript • Google Chrome 127.0.6533.100

[✓] Network resources
    • All expected network resources are available.

! Doctor found issues in 1 category.
```
